<?xml version="1.0" encoding="UTF-8"?>
<!-- Generated by org.testng.reporters.JUnitReportReporter -->
<testsuite hostname="LAPTOP-PKN5ROKJ" failures="0" tests="1" name="com.qa.testscript.RediffScripts" time="36.736" errors="0" timestamp="2021-02-23T15:55:40 IST" skipped="0">
  <testcase classname="com.qa.testscript.RediffScripts" name="rediffpage" time="36.736"/>
  <system-out>
passwords are same  </system-out>
</testsuite> <!-- com.qa.testscript.RediffScripts -->
