<?xml version="1.0" encoding="UTF-8"?>
<!-- Generated by org.testng.reporters.JUnitReportReporter -->
<testsuite hostname="LAPTOP-PKN5ROKJ" failures="0" tests="2" name="com.qa.testscript.EbayScripts" time="13.051" errors="0" timestamp="2021-02-25T20:38:00 IST" skipped="0">
  <testcase classname="com.qa.testscript.EbayScripts" name="ebayPage" time="12.229"/>
  <system-out/>
  <testcase classname="com.qa.testscript.EbayScripts" name="checkTitle" time="0.822"/>
  <system-out>
Benefits of selling globally with eBay| Export from India Test is failed  </system-out>
</testsuite> <!-- com.qa.testscript.EbayScripts -->
