<?xml version="1.0" encoding="UTF-8"?>
<!-- Generated by org.testng.reporters.JUnitReportReporter -->
<testsuite hostname="LAPTOP-PKN5ROKJ" failures="0" tests="1" name="com.qa.testscript.TC_Rediff_002_TestScripts" time="7.472" errors="0" timestamp="2021-02-25T20:38:00 IST" skipped="0">
  <testcase classname="com.qa.testscript.TC_Rediff_002_TestScripts" name="rediffPageLink" time="7.472"/>
  <system-out>
passwords are same  </system-out>
</testsuite> <!-- com.qa.testscript.TC_Rediff_002_TestScripts -->
