<?xml version="1.0" encoding="UTF-8"?>
<!-- Generated by org.testng.reporters.JUnitReportReporter -->
<testsuite hostname="LAPTOP-PKN5ROKJ" failures="0" tests="9" name="com.qa.testscript.AutoSuggestScript" time="48.585" errors="0" timestamp="2021-03-05T14:52:13 IST" skipped="0">
  <testcase classname="com.qa.testscript.AutoSuggestScript" name="searchItem" time="5.303"/>
  <system-out>
Total no. of items loaded are :1 maven repository
maven
Maventic Innovative Solutions Pvt Ltd.
Software company · Bengaluru, Karnataka
maven interview questions
maven download
maven lifecycle
maven central repository
maven commands
mavenir bangalore
Mavenir Systems Private Limited · Bengaluru, Karnataka
Maven Silicon VLSI Training Center
Training centre · Bengaluru, Karnataka
Report inappropriate predictions Google Test is failed  </system-out>
  <testcase classname="com.qa.testscript.AutoSuggestScript" name="searchItem" time="5.338"/>
  <system-out>
Total no. of items loaded are :1 javatpoint
java
javascript
java online compiler
java interview questions
java compiler
java tutorial
java download
javascript interview questions
java jdk download
Report inappropriate predictions Google Test is failed  </system-out>
  <testcase classname="com.qa.testscript.AutoSuggestScript" name="searchItem" time="5.289"/>
  <system-out>
Total no. of items loaded are :1 facebook
facebook login
facebook video download
facebook download
facebook lite
facebook app
facebook account hacked
facebook search
facebook share price
facebook account
Report inappropriate predictions Google Test is failed  </system-out>
  <testcase classname="com.qa.testscript.AutoSuggestScript" name="searchItem" time="5.332"/>
  <system-out>
Total no. of items loaded are :1 testng annotations
testng
testng framework
testng maven dependency
testng interview questions
testng tutorial
testng annotations order
testng jar download
testng listeners
testng download
Report inappropriate predictions Google Test is failed  </system-out>
  <testcase classname="com.qa.testscript.AutoSuggestScript" name="searchItem" time="5.888"/>
  <system-out>
Total no. of items loaded are :1  Google Test is failed  </system-out>
  <testcase classname="com.qa.testscript.AutoSuggestScript" name="searchItem" time="5.343"/>
  <system-out>
Total no. of items loaded are :1 test match
test
testbook
test championship
test match live
testosterone
test ranking
test championship final
testicles
test ranking batsman
Report inappropriate predictions Google Test is failed  </system-out>
  <testcase classname="com.qa.testscript.AutoSuggestScript" name="searchItem" time="5.330"/>
  <system-out>
Total no. of items loaded are :1 selenium
selenium testing
selenium download
selenium webdriver
selenium tutorial
seleniumhq
selenium interview questions for experienced
selenium ide
selenium rich foods
selenium automation testing
Report inappropriate predictions Google Test is failed  </system-out>
  <testcase classname="com.qa.testscript.AutoSuggestScript" name="searchItem" time="5.444"/>
  <system-out>
Total no. of items loaded are :1 automation
automation anywhere
automation meaning
automation testing
automation meaning in telugu
automation testing interview questions
automation tools
automation anywhere university
automation engineer
automation anywhere cannot work with
Report inappropriate predictions Google Test is failed  </system-out>
  <testcase classname="com.qa.testscript.AutoSuggestScript" name="searchItem" time="5.318"/>
  <system-out>
Total no. of items loaded are :1 python
python online compiler
python download
python tutorial
python interview questions
python compiler
python programming
python for beginners
python tutor
python javatpoint
Report inappropriate predictions Google Test is failed  </system-out>
</testsuite> <!-- com.qa.testscript.AutoSuggestScript -->
