<?xml version="1.0" encoding="UTF-8"?>
<!-- Generated by org.testng.reporters.JUnitReportReporter -->
<testsuite hostname="LAPTOP-PKN5ROKJ" failures="0" tests="1" name="com.qa.testscript.TC_Rediff_001_TestScripts" time="3.633" errors="0" timestamp="2021-02-25T20:38:00 IST" skipped="0">
  <testcase classname="com.qa.testscript.TC_Rediff_001_TestScripts" name="rediffPageLink" time="3.633"/>
  <system-out>
The page is navigated to registration page YES,default value is India  </system-out>
</testsuite> <!-- com.qa.testscript.TC_Rediff_001_TestScripts -->
