<?xml version="1.0" encoding="UTF-8"?>
<!-- Generated by org.testng.reporters.JUnitReportReporter -->
<testsuite hostname="LAPTOP-PKN5ROKJ" failures="0" tests="1" name="com.qa.testscript.UserEventScripts" time="6.695" errors="0" timestamp="2021-02-25T20:38:00 IST" skipped="0">
  <testcase classname="com.qa.testscript.UserEventScripts" name="chechButtons" time="6.695"/>
  <system-out>
wednesday is selected  </system-out>
</testsuite> <!-- com.qa.testscript.UserEventScripts -->
