<?xml version="1.0" encoding="UTF-8"?>
<!-- Generated by org.testng.reporters.JUnitReportReporter -->
<testsuite hostname="LAPTOP-PKN5ROKJ" failures="0" tests="6" name="com.qa.testscript.TestNgAnnotatins" time="0.041" errors="0" timestamp="2021-02-23T19:11:03 IST" skipped="0">
  <testcase classname="com.qa.testscript.TestNgAnnotatins" name="FundTransfer" time="0.014"/>
  <system-out/>
  <testcase classname="com.qa.testscript.TestNgAnnotatins" name="UtilityBillPayment" time="0.002"/>
  <system-out/>
  <testcase classname="com.qa.testscript.TestNgAnnotatins" name="CreditCardBillPayment" time="0.008"/>
  <system-out/>
  <testcase classname="com.qa.testscript.TestNgAnnotatins" name="payInsurance" time="0.004"/>
  <system-out/>
  <testcase classname="com.qa.testscript.TestNgAnnotatins" name="carInsurance1" time="0.007"/>
  <system-out/>
  <testcase classname="com.qa.testscript.TestNgAnnotatins" name="mutualFund" time="0.006"/>
  <system-out/>
</testsuite> <!-- com.qa.testscript.TestNgAnnotatins -->
